Application/app/build/intermediates/manifest_merge_blame_file/debug/processDebugMainManifest/manifest-merger-blame-debug-report.txt
1<?xml version="1.0" encoding="utf-8"?>
2<manifest xmlns:android="http://schemas.android.com/apk/res/android"
3    package="com.testproject.biketrack"
4    android:versionCode="1"
5    android:versionName="1.0" >
6
7    <uses-sdk
8        android:minSdkVersion="24"
9        android:targetSdkVersion="35" />
10    <!-- Permissions to access the internet -->
11    <uses-permission android:name="android.permission.INTERNET" />
11-->src\main\AndroidManifest.xml:5:5-67
11-->src\main\AndroidManifest.xml:5:22-64
12    <uses-permission android:name="android.permission.ACCESS_NETWORK_STATE" />
12-->src\main\AndroidManifest.xml:6:5-79
12-->src\main\AndroidManifest.xml:6:22-76
13
14    <permission
14-->[androidx.core:core:1.16.0] AndroidManifest.xml:22:5-24:47
15        android:name="com.testproject.biketrack.DYNAMIC_RECEIVER_NOT_EXPORTED_PERMISSION"
15-->[androidx.core:core:1.16.0] AndroidManifest.xml:23:9-81
16        android:protectionLevel="signature" />
16-->[androidx.core:core:1.16.0] AndroidManifest.xml:24:9-44
17
18    <uses-permission android:name="com.testproject.biketrack.DYNAMIC_RECEIVER_NOT_EXPORTED_PERMISSION" />
18-->[androidx.core:core:1.16.0] AndroidManifest.xml:26:5-97
18-->[androidx.core:core:1.16.0] AndroidManifest.xml:26:22-94
19
20    <supports-screens
20-->[org.osmdroid:osmdroid-android:6.1.16] AndroidManifest.xml:9:5-12:40
21        android:anyDensity="true"
21-->[org.osmdroid:osmdroid-android:6.1.16] AndroidManifest.xml:10:9-34
22        android:largeScreens="true"
22-->[org.osmdroid:osmdroid-android:6.1.16] AndroidManifest.xml:11:9-36
23        android:normalScreens="true" />
23-->[org.osmdroid:osmdroid-android:6.1.16] AndroidManifest.xml:12:9-37
24
25    <uses-feature
25-->[org.osmdroid:osmdroid-android:6.1.16] AndroidManifest.xml:14:5-16:36
26        android:name="android.hardware.location.network"
26-->[org.osmdroid:osmdroid-android:6.1.16] AndroidManifest.xml:15:9-57
27        android:required="false" />
27-->[org.osmdroid:osmdroid-android:6.1.16] AndroidManifest.xml:16:9-33
28    <uses-feature
28-->[org.osmdroid:osmdroid-android:6.1.16] AndroidManifest.xml:17:5-19:36
29        android:name="android.hardware.location.gps"
29-->[org.osmdroid:osmdroid-android:6.1.16] AndroidManifest.xml:18:9-53
30        android:required="false" />
30-->[org.osmdroid:osmdroid-android:6.1.16] AndroidManifest.xml:19:9-33
31    <uses-feature
31-->[org.osmdroid:osmdroid-android:6.1.16] AndroidManifest.xml:20:5-22:36
32        android:name="android.hardware.telephony"
32-->[org.osmdroid:osmdroid-android:6.1.16] AndroidManifest.xml:21:9-50
33        android:required="false" />
33-->[org.osmdroid:osmdroid-android:6.1.16] AndroidManifest.xml:22:9-33
34    <uses-feature
34-->[org.osmdroid:osmdroid-android:6.1.16] AndroidManifest.xml:23:5-25:36
35        android:name="android.hardware.wifi"
35-->[org.osmdroid:osmdroid-android:6.1.16] AndroidManifest.xml:24:9-45
36        android:required="false" />
36-->[org.osmdroid:osmdroid-android:6.1.16] AndroidManifest.xml:25:9-33
37
38    <application
38-->src\main\AndroidManifest.xml:8:5-39:19
39        android:allowBackup="true"
39-->src\main\AndroidManifest.xml:9:9-35
40        android:appComponentFactory="androidx.core.app.CoreComponentFactory"
40-->[androidx.core:core:1.16.0] AndroidManifest.xml:28:18-86
41        android:dataExtractionRules="@xml/data_extraction_rules"
41-->src\main\AndroidManifest.xml:10:9-65
42        android:debuggable="true"
43        android:extractNativeLibs="false"
44        android:fullBackupContent="@xml/backup_rules"
44-->src\main\AndroidManifest.xml:11:9-54
45        android:icon="@mipmap/ic_launcher"
45-->src\main\AndroidManifest.xml:12:9-43
46        android:label="@string/app_name"
46-->src\main\AndroidManifest.xml:13:9-41
47        android:roundIcon="@mipmap/ic_launcher_round"
47-->src\main\AndroidManifest.xml:14:9-54
48        android:supportsRtl="true"
48-->src\main\AndroidManifest.xml:15:9-35
49        android:testOnly="true"
50        android:theme="@style/Theme.BIKETRACK" >
50-->src\main\AndroidManifest.xml:16:9-47
51        <activity
51-->src\main\AndroidManifest.xml:18:9-22:66
52            android:name="com.testproject.biketrack.BikeActivity"
52-->src\main\AndroidManifest.xml:19:13-41
53            android:exported="false"
53-->src\main\AndroidManifest.xml:20:13-37
54            android:label="@string/title_activity_bike"
54-->src\main\AndroidManifest.xml:21:13-56
55            android:theme="@style/Theme.BIKETRACK.NoActionBar" />
55-->src\main\AndroidManifest.xml:22:13-63
56        <!-- Make SecondActivity accessible -->
57        <activity
57-->src\main\AndroidManifest.xml:24:9-26:39
58            android:name="com.testproject.biketrack.SecondActivity"
58-->src\main\AndroidManifest.xml:25:13-43
59            android:exported="true" /> <!-- MapActivity (if needed) -->
59-->src\main\AndroidManifest.xml:26:13-36
60        <activity
60-->src\main\AndroidManifest.xml:27:9-29:40
61            android:name="com.testproject.biketrack.MapActivity"
61-->src\main\AndroidManifest.xml:28:13-40
62            android:exported="false" /> <!-- MainActivity -->
62-->src\main\AndroidManifest.xml:29:13-37
63        <activity
63-->src\main\AndroidManifest.xml:30:9-38:20
64            android:name="com.testproject.biketrack.MainActivity"
64-->src\main\AndroidManifest.xml:31:13-41
65            android:exported="true" >
65-->src\main\AndroidManifest.xml:32:13-36
66            <intent-filter>
66-->src\main\AndroidManifest.xml:33:13-37:29
67                <action android:name="android.intent.action.MAIN" />
67-->src\main\AndroidManifest.xml:34:17-69
67-->src\main\AndroidManifest.xml:34:25-66
68
69                <category android:name="android.intent.category.LAUNCHER" />
69-->src\main\AndroidManifest.xml:36:17-77
69-->src\main\AndroidManifest.xml:36:27-74
70            </intent-filter>
71        </activity>
72
73        <provider
73-->[androidx.emoji2:emoji2:1.3.0] AndroidManifest.xml:24:9-32:20
74            android:name="androidx.startup.InitializationProvider"
74-->[androidx.emoji2:emoji2:1.3.0] AndroidManifest.xml:25:13-67
75            android:authorities="com.testproject.biketrack.androidx-startup"
75-->[androidx.emoji2:emoji2:1.3.0] AndroidManifest.xml:26:13-68
76            android:exported="false" >
76-->[androidx.emoji2:emoji2:1.3.0] AndroidManifest.xml:27:13-37
77            <meta-data
77-->[androidx.emoji2:emoji2:1.3.0] AndroidManifest.xml:29:13-31:52
78                android:name="androidx.emoji2.text.EmojiCompatInitializer"
78-->[androidx.emoji2:emoji2:1.3.0] AndroidManifest.xml:30:17-75
79                android:value="androidx.startup" />
79-->[androidx.emoji2:emoji2:1.3.0] AndroidManifest.xml:31:17-49
80            <meta-data
80-->[androidx.lifecycle:lifecycle-process:2.9.0] AndroidManifest.xml:29:13-31:52
81                android:name="androidx.lifecycle.ProcessLifecycleInitializer"
81-->[androidx.lifecycle:lifecycle-process:2.9.0] AndroidManifest.xml:30:17-78
82                android:value="androidx.startup" />
82-->[androidx.lifecycle:lifecycle-process:2.9.0] AndroidManifest.xml:31:17-49
83            <meta-data
83-->[androidx.profileinstaller:profileinstaller:1.4.0] AndroidManifest.xml:29:13-31:52
84                android:name="androidx.profileinstaller.ProfileInstallerInitializer"
84-->[androidx.profileinstaller:profileinstaller:1.4.0] AndroidManifest.xml:30:17-85
85                android:value="androidx.startup" />
85-->[androidx.profileinstaller:profileinstaller:1.4.0] AndroidManifest.xml:31:17-49
86        </provider>
87
88        <uses-library
88-->[androidx.window:window:1.0.0] AndroidManifest.xml:25:9-27:40
89            android:name="androidx.window.extensions"
89-->[androidx.window:window:1.0.0] AndroidManifest.xml:26:13-54
90            android:required="false" />
90-->[androidx.window:window:1.0.0] AndroidManifest.xml:27:13-37
91        <uses-library
91-->[androidx.window:window:1.0.0] AndroidManifest.xml:28:9-30:40
92            android:name="androidx.window.sidecar"
92-->[androidx.window:window:1.0.0] AndroidManifest.xml:29:13-51
93            android:required="false" />
93-->[androidx.window:window:1.0.0] AndroidManifest.xml:30:13-37
94
95        <receiver
95-->[androidx.profileinstaller:profileinstaller:1.4.0] AndroidManifest.xml:34:9-52:20
96            android:name="androidx.profileinstaller.ProfileInstallReceiver"
96-->[androidx.profileinstaller:profileinstaller:1.4.0] AndroidManifest.xml:35:13-76
97            android:directBootAware="false"
97-->[androidx.profileinstaller:profileinstaller:1.4.0] AndroidManifest.xml:36:13-44
98            android:enabled="true"
98-->[androidx.profileinstaller:profileinstaller:1.4.0] AndroidManifest.xml:37:13-35
99            android:exported="true"
99-->[androidx.profileinstaller:profileinstaller:1.4.0] AndroidManifest.xml:38:13-36
100            android:permission="android.permission.DUMP" >
100-->[androidx.profileinstaller:profileinstaller:1.4.0] AndroidManifest.xml:39:13-57
101            <intent-filter>
101-->[androidx.profileinstaller:profileinstaller:1.4.0] AndroidManifest.xml:40:13-42:29
102                <action android:name="androidx.profileinstaller.action.INSTALL_PROFILE" />
102-->[androidx.profileinstaller:profileinstaller:1.4.0] AndroidManifest.xml:41:17-91
102-->[androidx.profileinstaller:profileinstaller:1.4.0] AndroidManifest.xml:41:25-88
103            </intent-filter>
104            <intent-filter>
104-->[androidx.profileinstaller:profileinstaller:1.4.0] AndroidManifest.xml:43:13-45:29
105                <action android:name="androidx.profileinstaller.action.SKIP_FILE" />
105-->[androidx.profileinstaller:profileinstaller:1.4.0] AndroidManifest.xml:44:17-85
105-->[androidx.profileinstaller:profileinstaller:1.4.0] AndroidManifest.xml:44:25-82
106            </intent-filter>
107            <intent-filter>
107-->[androidx.profileinstaller:profileinstaller:1.4.0] AndroidManifest.xml:46:13-48:29
108                <action android:name="androidx.profileinstaller.action.SAVE_PROFILE" />
108-->[androidx.profileinstaller:profileinstaller:1.4.0] AndroidManifest.xml:47:17-88
108-->[androidx.profileinstaller:profileinstaller:1.4.0] AndroidManifest.xml:47:25-85
109            </intent-filter>
110            <intent-filter>
110-->[androidx.profileinstaller:profileinstaller:1.4.0] AndroidManifest.xml:49:13-51:29
111                <action android:name="androidx.profileinstaller.action.BENCHMARK_OPERATION" />
111-->[androidx.profileinstaller:profileinstaller:1.4.0] AndroidManifest.xml:50:17-95
111-->[androidx.profileinstaller:profileinstaller:1.4.0] AndroidManifest.xml:50:25-92
112            </intent-filter>
113        </receiver>
114    </application>
115
116</manifest>